2022-11-17 18:44:17,388 INFO org.springframework.boot.StartupInfoLogger [main] Started ServerApplication in 1.478 seconds (JVM running for 1.913)
2022-11-17 18:44:23,247 INFO org.apache.juli.logging.DirectJDKLog [http-nio-8080-exec-2] Initializing Spring DispatcherServlet 'dispatcherServlet'
2022-11-17 18:44:23,248 INFO org.springframework.web.servlet.FrameworkServlet [http-nio-8080-exec-2] Initializing Servlet 'dispatcherServlet'
2022-11-17 18:44:23,248 INFO org.springframework.web.servlet.FrameworkServlet [http-nio-8080-exec-2] Completed initialization in 0 ms
2022-11-17 18:44:23,280 INFO com.example.rest.controller.RestController [http-nio-8080-exec-2] Created player: { publicID=1300270523, name=player1, state=PLAYER_CREATED}
2022-11-17 18:44:25,560 INFO com.example.rest.exceptions.RequestLogging [http-nio-8080-exec-3] Invalid Player com.example.rest.exceptions.InvalidPlayerDataException: PlayerData is null
2022-11-17 18:44:27,293 INFO com.example.rest.controller.RestController [http-nio-8080-exec-4] Created player: { publicID=-925182469, name=player2, state=PLAYER_CREATED}
2022-11-17 18:44:28,892 INFO com.example.rest.controller.RestController [http-nio-8080-exec-5] Created player: { publicID=-1697504359, name=player3, state=PLAYER_CREATED}
2022-11-17 18:44:30,837 INFO com.example.rest.controller.RestController [http-nio-8080-exec-6] Created player: { publicID=-120586047, name=player4, state=PLAYER_CREATED}
2022-11-17 18:45:21,006 INFO com.example.rest.controller.RestController [http-nio-8080-exec-8] Created game: gameID=1, gameName=custom name, gameOwner=player1, gameState=GAME_LOBBY
2022-11-17 18:45:26,802 INFO com.example.rest.controller.RestController [http-nio-8080-exec-9] Added playerID: -120586047 to gameID: 1
2022-11-17 18:57:34,191 INFO org.springframework.boot.SpringApplication [main] No active profile set, falling back to 1 default profile: "default"
2022-11-17 18:57:35,057 INFO org.springframework.boot.web.embedded.tomcat.TomcatWebServer [main] Tomcat initialized with port(s): 8080 (http)
2022-11-17 18:57:35,066 INFO org.apache.juli.logging.DirectJDKLog [main] Initializing ProtocolHandler ["http-nio-8080"]
2022-11-17 18:57:35,066 INFO org.apache.juli.logging.DirectJDKLog [main] Starting service [Tomcat]
2022-11-17 18:57:35,067 INFO org.apache.juli.logging.DirectJDKLog [main] Starting Servlet engine: [Apache Tomcat/9.0.65]
2022-11-17 18:57:35,131 INFO org.apache.juli.logging.DirectJDKLog [main] Initializing Spring embedded WebApplicationContext
2022-11-17 18:57:35,131 INFO org.springframework.boot.web.servlet.context.ServletWebServerApplicationContext [main] Root WebApplicationContext: initialization completed in 897 ms
2022-11-17 18:57:35,441 INFO org.apache.juli.logging.DirectJDKLog [main] Starting ProtocolHandler ["http-nio-8080"]
2022-11-17 18:57:35,476 INFO org.springframework.boot.web.embedded.tomcat.TomcatWebServer [main] Tomcat started on port(s): 8080 (http) with context path ''
2022-11-17 18:57:35,485 INFO org.springframework.boot.StartupInfoLogger [main] Started ServerApplication in 1.619 seconds (JVM running for 2.114)
